<?xml version="1.0" encoding="UTF-8"?>
<coverage generated="1688881698929" clover="3.2.0">
  <project timestamp="1688881698929" name="All files">
    <metrics statements="45" coveredstatements="45" conditionals="4" coveredconditionals="4" methods="23" coveredmethods="23" elements="72" coveredelements="72" complexity="0" loc="45" ncloc="45" packages="2" files="3" classes="3"/>
    <package name="components.screens.pokedex">
      <metrics statements="34" coveredstatements="34" conditionals="2" coveredconditionals="2" methods="17" coveredmethods="17"/>
      <file name="PokeDex.tsx" path="/Users/ashutoshshrestha/Documents/Projects/PokeDex/src/components/screens/pokedex/PokeDex.tsx">
        <metrics statements="31" coveredstatements="31" conditionals="0" coveredconditionals="0" methods="16" coveredmethods="16"/>
        <line num="9" count="1" type="stmt"/>
        <line num="10" count="11" type="stmt"/>
        <line num="11" count="11" type="stmt"/>
        <line num="13" count="11" type="stmt"/>
        <line num="14" count="11" type="stmt"/>
        <line num="15" count="11" type="stmt"/>
        <line num="17" count="11" type="stmt"/>
        <line num="18" count="4" type="stmt"/>
        <line num="21" count="11" type="stmt"/>
        <line num="22" count="4" type="stmt"/>
        <line num="25" count="11" type="stmt"/>
        <line num="26" count="5" type="stmt"/>
        <line num="27" count="1" type="stmt"/>
        <line num="28" count="1" type="stmt"/>
        <line num="31" count="5" type="stmt"/>
        <line num="32" count="5" type="stmt"/>
        <line num="33" count="5" type="stmt"/>
        <line num="37" count="11" type="stmt"/>
        <line num="39" count="1" type="stmt"/>
        <line num="40" count="1" type="stmt"/>
        <line num="45" count="11" type="stmt"/>
        <line num="46" count="6" type="stmt"/>
        <line num="51" count="1" type="stmt"/>
        <line num="58" count="11" type="stmt"/>
        <line num="59" count="1" type="stmt"/>
        <line num="62" count="11" type="stmt"/>
        <line num="64" count="11" type="stmt"/>
        <line num="72" count="2" type="stmt"/>
        <line num="78" count="6" type="stmt"/>
        <line num="82" count="6" type="stmt"/>
        <line num="88" count="1" type="stmt"/>
      </file>
      <file name="PokemonItem.tsx" path="/Users/ashutoshshrestha/Documents/Projects/PokeDex/src/components/screens/pokedex/PokemonItem.tsx">
        <metrics statements="3" coveredstatements="3" conditionals="2" coveredconditionals="2" methods="1" coveredmethods="1"/>
        <line num="12" count="2" type="stmt"/>
        <line num="17" count="9" type="stmt"/>
        <line num="28" count="2" type="stmt"/>
      </file>
    </package>
    <package name="utils">
      <metrics statements="11" coveredstatements="11" conditionals="2" coveredconditionals="2" methods="6" coveredmethods="6"/>
      <file name="testUtils.tsx" path="/Users/ashutoshshrestha/Documents/Projects/PokeDex/src/utils/testUtils.tsx">
        <metrics statements="11" coveredstatements="11" conditionals="2" coveredconditionals="2" methods="6" coveredmethods="6"/>
        <line num="13" count="2" type="stmt"/>
        <line num="14" count="4" type="stmt"/>
        <line num="15" count="4" type="stmt"/>
        <line num="23" count="5" type="stmt"/>
        <line num="27" count="4" type="stmt"/>
        <line num="28" count="4" type="stmt"/>
        <line num="31" count="5" type="stmt"/>
        <line num="32" count="5" type="cond" truecount="2" falsecount="0"/>
        <line num="33" count="4" type="stmt"/>
        <line num="35" count="5" type="stmt"/>
        <line num="39" count="5" type="stmt"/>
      </file>
    </package>
  </project>
</coverage>
