<?xml version="1.0" encoding="UTF-8"?>
<coverage generated="1688233926921" clover="3.2.0">
  <project timestamp="1688233926921" name="All files">
    <metrics statements="44" coveredstatements="44" conditionals="4" coveredconditionals="4" methods="22" coveredmethods="22" elements="70" coveredelements="70" complexity="0" loc="44" ncloc="44" packages="2" files="3" classes="3"/>
    <package name="components.screens.pokedex">
      <metrics statements="33" coveredstatements="33" conditionals="2" coveredconditionals="2" methods="16" coveredmethods="16"/>
      <file name="PokeDex.tsx" path="/Users/ashutoshshrestha/Documents/Projects/PokeDex/src/components/screens/pokedex/PokeDex.tsx">
        <metrics statements="30" coveredstatements="30" conditionals="0" coveredconditionals="0" methods="15" coveredmethods="15"/>
        <line num="9" count="1" type="stmt"/>
        <line num="10" count="11" type="stmt"/>
        <line num="11" count="11" type="stmt"/>
        <line num="13" count="11" type="stmt"/>
        <line num="14" count="11" type="stmt"/>
        <line num="15" count="11" type="stmt"/>
        <line num="17" count="11" type="stmt"/>
        <line num="18" count="4" type="stmt"/>
        <line num="21" count="11" type="stmt"/>
        <line num="22" count="4" type="stmt"/>
        <line num="25" count="11" type="stmt"/>
        <line num="26" count="5" type="stmt"/>
        <line num="27" count="1" type="stmt"/>
        <line num="28" count="1" type="stmt"/>
        <line num="31" count="5" type="stmt"/>
        <line num="32" count="5" type="stmt"/>
        <line num="33" count="5" type="stmt"/>
        <line num="37" count="11" type="stmt"/>
        <line num="38" count="1" type="stmt"/>
        <line num="39" count="1" type="stmt"/>
        <line num="42" count="11" type="stmt"/>
        <line num="43" count="6" type="stmt"/>
        <line num="48" count="1" type="stmt"/>
        <line num="55" count="11" type="stmt"/>
        <line num="56" count="1" type="stmt"/>
        <line num="59" count="11" type="stmt"/>
        <line num="67" count="2" type="stmt"/>
        <line num="73" count="6" type="stmt"/>
        <line num="77" count="6" type="stmt"/>
        <line num="83" count="1" type="stmt"/>
      </file>
      <file name="PokemonItem.tsx" path="/Users/ashutoshshrestha/Documents/Projects/PokeDex/src/components/screens/pokedex/PokemonItem.tsx">
        <metrics statements="3" coveredstatements="3" conditionals="2" coveredconditionals="2" methods="1" coveredmethods="1"/>
        <line num="12" count="2" type="stmt"/>
        <line num="17" count="9" type="stmt"/>
        <line num="28" count="2" type="stmt"/>
      </file>
    </package>
    <package name="utils">
      <metrics statements="11" coveredstatements="11" conditionals="2" coveredconditionals="2" methods="6" coveredmethods="6"/>
      <file name="testUtils.tsx" path="/Users/ashutoshshrestha/Documents/Projects/PokeDex/src/utils/testUtils.tsx">
        <metrics statements="11" coveredstatements="11" conditionals="2" coveredconditionals="2" methods="6" coveredmethods="6"/>
        <line num="12" count="2" type="stmt"/>
        <line num="13" count="4" type="stmt"/>
        <line num="14" count="4" type="stmt"/>
        <line num="22" count="5" type="stmt"/>
        <line num="26" count="4" type="stmt"/>
        <line num="27" count="4" type="stmt"/>
        <line num="30" count="5" type="stmt"/>
        <line num="31" count="5" type="cond" truecount="2" falsecount="0"/>
        <line num="32" count="4" type="stmt"/>
        <line num="34" count="5" type="stmt"/>
        <line num="38" count="5" type="stmt"/>
      </file>
    </package>
  </project>
</coverage>
