{"/Users/ashutoshshrestha/Documents/Projects/PokeDex/src/components/screens/pokedex/PokeDex.tsx": {"path":"/Users/ashutoshshrestha/Documents/Projects/PokeDex/src/components/screens/pokedex/PokeDex.tsx","statementMap":{"0":{"start":{"line":9,"column":23},"end":{"line":81,"column":1}},"1":{"start":{"line":10,"column":19},"end":{"line":10,"column":42}},"2":{"start":{"line":11,"column":15},"end":{"line":11,"column":76}},"3":{"start":{"line":11,"column":49},"end":{"line":11,"column":75}},"4":{"start":{"line":13,"column":40},"end":{"line":13,"column":63}},"5":{"start":{"line":14,"column":48},"end":{"line":14,"column":76}},"6":{"start":{"line":15,"column":38},"end":{"line":15,"column":50}},"7":{"start":{"line":17,"column":2},"end":{"line":19,"column":25}},"8":{"start":{"line":18,"column":4},"end":{"line":18,"column":37}},"9":{"start":{"line":21,"column":2},"end":{"line":23,"column":13}},"10":{"start":{"line":22,"column":4},"end":{"line":22,"column":25}},"11":{"start":{"line":25,"column":2},"end":{"line":35,"column":25}},"12":{"start":{"line":26,"column":27},"end":{"line":30,"column":11}},"13":{"start":{"line":27,"column":6},"end":{"line":29,"column":8}},"14":{"start":{"line":28,"column":28},"end":{"line":28,"column":72}},"15":{"start":{"line":31,"column":4},"end":{"line":31,"column":21}},"16":{"start":{"line":32,"column":4},"end":{"line":34,"column":6}},"17":{"start":{"line":33,"column":6},"end":{"line":33,"column":30}},"18":{"start":{"line":37,"column":24},"end":{"line":40,"column":3}},"19":{"start":{"line":38,"column":25},"end":{"line":38,"column":58}},"20":{"start":{"line":39,"column":4},"end":{"line":39,"column":37}},"21":{"start":{"line":42,"column":24},"end":{"line":53,"column":3}},"22":{"start":{"line":43,"column":4},"end":{"line":52,"column":6}},"23":{"start":{"line":48,"column":10},"end":{"line":48,"column":33}},"24":{"start":{"line":55,"column":18},"end":{"line":57,"column":3}},"25":{"start":{"line":56,"column":4},"end":{"line":56,"column":22}},"26":{"start":{"line":59,"column":2},"end":{"line":80,"column":4}},"27":{"start":{"line":67,"column":32},"end":{"line":67,"column":51}},"28":{"start":{"line":73,"column":30},"end":{"line":73,"column":39}},"29":{"start":{"line":77,"column":32},"end":{"line":77,"column":51}},"30":{"start":{"line":83,"column":15},"end":{"line":98,"column":2}}},"fnMap":{"0":{"name":"(anonymous_0)","decl":{"start":{"line":9,"column":23},"end":{"line":9,"column":24}},"loc":{"start":{"line":9,"column":29},"end":{"line":81,"column":1}},"line":9},"1":{"name":"(anonymous_1)","decl":{"start":{"line":11,"column":27},"end":{"line":11,"column":28}},"loc":{"start":{"line":11,"column":49},"end":{"line":11,"column":75}},"line":11},"2":{"name":"(anonymous_2)","decl":{"start":{"line":17,"column":12},"end":{"line":17,"column":13}},"loc":{"start":{"line":17,"column":18},"end":{"line":19,"column":3}},"line":17},"3":{"name":"(anonymous_3)","decl":{"start":{"line":21,"column":12},"end":{"line":21,"column":13}},"loc":{"start":{"line":21,"column":18},"end":{"line":23,"column":3}},"line":21},"4":{"name":"(anonymous_4)","decl":{"start":{"line":25,"column":12},"end":{"line":25,"column":13}},"loc":{"start":{"line":25,"column":18},"end":{"line":35,"column":3}},"line":25},"5":{"name":"(anonymous_5)","decl":{"start":{"line":26,"column":38},"end":{"line":26,"column":39}},"loc":{"start":{"line":26,"column":44},"end":{"line":30,"column":5}},"line":26},"6":{"name":"(anonymous_6)","decl":{"start":{"line":28,"column":20},"end":{"line":28,"column":21}},"loc":{"start":{"line":28,"column":28},"end":{"line":28,"column":72}},"line":28},"7":{"name":"(anonymous_7)","decl":{"start":{"line":32,"column":11},"end":{"line":32,"column":12}},"loc":{"start":{"line":32,"column":17},"end":{"line":34,"column":5}},"line":32},"8":{"name":"(anonymous_8)","decl":{"start":{"line":37,"column":24},"end":{"line":37,"column":25}},"loc":{"start":{"line":37,"column":46},"end":{"line":40,"column":3}},"line":37},"9":{"name":"(anonymous_9)","decl":{"start":{"line":42,"column":24},"end":{"line":42,"column":25}},"loc":{"start":{"line":42,"column":46},"end":{"line":53,"column":3}},"line":42},"10":{"name":"(anonymous_10)","decl":{"start":{"line":47,"column":17},"end":{"line":47,"column":18}},"loc":{"start":{"line":47,"column":23},"end":{"line":49,"column":9}},"line":47},"11":{"name":"(anonymous_11)","decl":{"start":{"line":55,"column":18},"end":{"line":55,"column":19}},"loc":{"start":{"line":55,"column":24},"end":{"line":57,"column":3}},"line":55},"12":{"name":"(anonymous_12)","decl":{"start":{"line":67,"column":24},"end":{"line":67,"column":25}},"loc":{"start":{"line":67,"column":32},"end":{"line":67,"column":51}},"line":67},"13":{"name":"(anonymous_13)","decl":{"start":{"line":73,"column":22},"end":{"line":73,"column":23}},"loc":{"start":{"line":73,"column":30},"end":{"line":73,"column":39}},"line":73},"14":{"name":"(anonymous_14)","decl":{"start":{"line":77,"column":20},"end":{"line":77,"column":21}},"loc":{"start":{"line":77,"column":32},"end":{"line":77,"column":51}},"line":77}},"branchMap":{},"s":{"0":1,"1":11,"2":11,"3":11,"4":11,"5":11,"6":11,"7":11,"8":4,"9":11,"10":4,"11":11,"12":5,"13":1,"14":1,"15":5,"16":5,"17":5,"18":11,"19":1,"20":1,"21":11,"22":6,"23":1,"24":11,"25":1,"26":11,"27":2,"28":6,"29":6,"30":1},"f":{"0":11,"1":11,"2":4,"3":4,"4":5,"5":1,"6":1,"7":5,"8":1,"9":6,"10":1,"11":1,"12":2,"13":6,"14":6},"b":{},"_coverageSchema":"1a1c01bbd47fc00a2c39e90264f33305004495a9","hash":"c869ce2e573f2aeb5e07ec908c767f1579200c60"}
,"/Users/ashutoshshrestha/Documents/Projects/PokeDex/src/components/screens/pokedex/PokemonItem.tsx": {"path":"/Users/ashutoshshrestha/Documents/Projects/PokeDex/src/components/screens/pokedex/PokemonItem.tsx","statementMap":{"0":{"start":{"line":12,"column":55},"end":{"line":26,"column":1}},"1":{"start":{"line":17,"column":2},"end":{"line":25,"column":4}},"2":{"start":{"line":28,"column":15},"end":{"line":45,"column":2}}},"fnMap":{"0":{"name":"(anonymous_0)","decl":{"start":{"line":12,"column":55},"end":{"line":12,"column":56}},"loc":{"start":{"line":16,"column":6},"end":{"line":26,"column":1}},"line":16}},"branchMap":{"0":{"loc":{"start":{"line":21,"column":32},"end":{"line":21,"column":68}},"type":"binary-expr","locations":[{"start":{"line":21,"column":32},"end":{"line":21,"column":40}},{"start":{"line":21,"column":44},"end":{"line":21,"column":68}}],"line":21}},"s":{"0":2,"1":9,"2":2},"f":{"0":9},"b":{"0":[9,2]},"_coverageSchema":"1a1c01bbd47fc00a2c39e90264f33305004495a9","hash":"ac65b637c947faf10a7e63286406414fdf2ee5bc"}
,"/Users/ashutoshshrestha/Documents/Projects/PokeDex/src/utils/testUtils.tsx": {"path":"/Users/ashutoshshrestha/Documents/Projects/PokeDex/src/utils/testUtils.tsx","statementMap":{"0":{"start":{"line":12,"column":22},"end":{"line":16,"column":1}},"1":{"start":{"line":13,"column":2},"end":{"line":15,"column":4}},"2":{"start":{"line":14,"column":4},"end":{"line":14,"column":49}},"3":{"start":{"line":22,"column":4},"end":{"line":22,"column":31}},"4":{"start":{"line":26,"column":4},"end":{"line":26,"column":25}},"5":{"start":{"line":27,"column":4},"end":{"line":27,"column":16}},"6":{"start":{"line":30,"column":37},"end":{"line":30,"column":39}},"7":{"start":{"line":31,"column":4},"end":{"line":33,"column":5}},"8":{"start":{"line":32,"column":6},"end":{"line":32,"column":69}},"9":{"start":{"line":34,"column":4},"end":{"line":34,"column":45}},"10":{"start":{"line":38,"column":2},"end":{"line":38,"column":42}}},"fnMap":{"0":{"name":"(anonymous_0)","decl":{"start":{"line":12,"column":22},"end":{"line":12,"column":23}},"loc":{"start":{"line":12,"column":40},"end":{"line":16,"column":1}},"line":12},"1":{"name":"(anonymous_1)","decl":{"start":{"line":13,"column":9},"end":{"line":13,"column":10}},"loc":{"start":{"line":14,"column":4},"end":{"line":14,"column":49}},"line":14},"2":{"name":"(anonymous_2)","decl":{"start":{"line":21,"column":2},"end":{"line":21,"column":3}},"loc":{"start":{"line":21,"column":30},"end":{"line":23,"column":3}},"line":21},"3":{"name":"(anonymous_3)","decl":{"start":{"line":25,"column":2},"end":{"line":25,"column":3}},"loc":{"start":{"line":25,"column":26},"end":{"line":28,"column":3}},"line":25},"4":{"name":"(anonymous_4)","decl":{"start":{"line":29,"column":2},"end":{"line":29,"column":3}},"loc":{"start":{"line":29,"column":11},"end":{"line":35,"column":3}},"line":29},"5":{"name":"componentRenderer","decl":{"start":{"line":37,"column":16},"end":{"line":37,"column":33}},"loc":{"start":{"line":37,"column":50},"end":{"line":39,"column":1}},"line":37}},"branchMap":{"0":{"loc":{"start":{"line":31,"column":4},"end":{"line":33,"column":5}},"type":"if","locations":[{"start":{"line":31,"column":4},"end":{"line":33,"column":5}},{"start":{},"end":{}}],"line":31}},"s":{"0":2,"1":4,"2":4,"3":5,"4":4,"5":4,"6":5,"7":5,"8":4,"9":5,"10":5},"f":{"0":4,"1":4,"2":5,"3":4,"4":5,"5":5},"b":{"0":[4,1]},"_coverageSchema":"1a1c01bbd47fc00a2c39e90264f33305004495a9","hash":"08513a673e3810a77d4a2d09f92e2735b3c84102"}
}
