{"/Users/ashutoshshrestha/Documents/Projects/PokeDex/src/commonComponents/loadingComponent/AnimatedDots.tsx": {"path":"/Users/ashutoshshrestha/Documents/Projects/PokeDex/src/commonComponents/loadingComponent/AnimatedDots.tsx","statementMap":{"0":{"start":{"line":4,"column":31},"end":{"line":125,"column":1}},"1":{"start":{"line":5,"column":19},"end":{"line":5,"column":56}},"2":{"start":{"line":6,"column":23},"end":{"line":6,"column":73}},"3":{"start":{"line":7,"column":23},"end":{"line":7,"column":73}},"4":{"start":{"line":8,"column":23},"end":{"line":8,"column":73}},"5":{"start":{"line":9,"column":23},"end":{"line":9,"column":73}},"6":{"start":{"line":11,"column":2},"end":{"line":78,"column":73}},"7":{"start":{"line":13,"column":4},"end":{"line":77,"column":14}},"8":{"start":{"line":80,"column":2},"end":{"line":124,"column":4}},"9":{"start":{"line":127,"column":15},"end":{"line":157,"column":2}}},"fnMap":{"0":{"name":"(anonymous_0)","decl":{"start":{"line":4,"column":31},"end":{"line":4,"column":32}},"loc":{"start":{"line":4,"column":37},"end":{"line":125,"column":1}},"line":4},"1":{"name":"(anonymous_1)","decl":{"start":{"line":11,"column":12},"end":{"line":11,"column":13}},"loc":{"start":{"line":11,"column":18},"end":{"line":78,"column":3}},"line":11}},"branchMap":{},"s":{"0":2,"1":2,"2":2,"3":2,"4":2,"5":2,"6":2,"7":2,"8":2,"9":2},"f":{"0":2,"1":2},"b":{},"_coverageSchema":"1a1c01bbd47fc00a2c39e90264f33305004495a9","hash":"2e6e2d9550dee102d3d5eaed86161238329e98e1"}
,"/Users/ashutoshshrestha/Documents/Projects/PokeDex/src/commonComponents/loadingComponent/Dots.tsx": {"path":"/Users/ashutoshshrestha/Documents/Projects/PokeDex/src/commonComponents/loadingComponent/Dots.tsx","statementMap":{"0":{"start":{"line":4,"column":23},"end":{"line":80,"column":1}},"1":{"start":{"line":5,"column":22},"end":{"line":5,"column":59}},"2":{"start":{"line":6,"column":22},"end":{"line":6,"column":59}},"3":{"start":{"line":7,"column":22},"end":{"line":7,"column":59}},"4":{"start":{"line":9,"column":2},"end":{"line":50,"column":46}},"5":{"start":{"line":10,"column":4},"end":{"line":49,"column":14}},"6":{"start":{"line":52,"column":2},"end":{"line":79,"column":4}},"7":{"start":{"line":82,"column":15},"end":{"line":93,"column":2}}},"fnMap":{"0":{"name":"(anonymous_0)","decl":{"start":{"line":4,"column":23},"end":{"line":4,"column":24}},"loc":{"start":{"line":4,"column":29},"end":{"line":80,"column":1}},"line":4},"1":{"name":"(anonymous_1)","decl":{"start":{"line":9,"column":12},"end":{"line":9,"column":13}},"loc":{"start":{"line":9,"column":18},"end":{"line":50,"column":3}},"line":9}},"branchMap":{},"s":{"0":1,"1":1,"2":1,"3":1,"4":1,"5":1,"6":1,"7":1},"f":{"0":1,"1":1},"b":{},"_coverageSchema":"1a1c01bbd47fc00a2c39e90264f33305004495a9","hash":"36ceeeea9bc09063f35d673dc1f2952686b5d69c"}
,"/Users/ashutoshshrestha/Documents/Projects/PokeDex/src/commonComponents/loadingComponent/LoadingComponent.tsx": {"path":"/Users/ashutoshshrestha/Documents/Projects/PokeDex/src/commonComponents/loadingComponent/LoadingComponent.tsx","statementMap":{"0":{"start":{"line":5,"column":42},"end":{"line":11,"column":1}},"1":{"start":{"line":6,"column":2},"end":{"line":10,"column":4}},"2":{"start":{"line":13,"column":15},"end":{"line":19,"column":2}}},"fnMap":{"0":{"name":"(anonymous_0)","decl":{"start":{"line":5,"column":42},"end":{"line":5,"column":43}},"loc":{"start":{"line":5,"column":48},"end":{"line":11,"column":1}},"line":5}},"branchMap":{},"s":{"0":1,"1":1,"2":1},"f":{"0":1},"b":{},"_coverageSchema":"1a1c01bbd47fc00a2c39e90264f33305004495a9","hash":"fadd403d2b10eb215887d705387918632fc5ae90"}
,"/Users/ashutoshshrestha/Documents/Projects/PokeDex/src/components/screens/pokedex/PokeDex.tsx": {"path":"/Users/ashutoshshrestha/Documents/Projects/PokeDex/src/components/screens/pokedex/PokeDex.tsx","statementMap":{"0":{"start":{"line":12,"column":23},"end":{"line":91,"column":1}},"1":{"start":{"line":13,"column":19},"end":{"line":13,"column":42}},"2":{"start":{"line":14,"column":15},"end":{"line":14,"column":76}},"3":{"start":{"line":14,"column":49},"end":{"line":14,"column":75}},"4":{"start":{"line":16,"column":40},"end":{"line":16,"column":63}},"5":{"start":{"line":17,"column":48},"end":{"line":17,"column":71}},"6":{"start":{"line":18,"column":38},"end":{"line":18,"column":50}},"7":{"start":{"line":19,"column":21},"end":{"line":19,"column":60}},"8":{"start":{"line":21,"column":2},"end":{"line":23,"column":25}},"9":{"start":{"line":22,"column":4},"end":{"line":22,"column":37}},"10":{"start":{"line":25,"column":2},"end":{"line":27,"column":13}},"11":{"start":{"line":26,"column":4},"end":{"line":26,"column":25}},"12":{"start":{"line":29,"column":2},"end":{"line":39,"column":25}},"13":{"start":{"line":30,"column":27},"end":{"line":34,"column":11}},"14":{"start":{"line":31,"column":6},"end":{"line":33,"column":8}},"15":{"start":{"line":32,"column":28},"end":{"line":32,"column":72}},"16":{"start":{"line":35,"column":4},"end":{"line":35,"column":21}},"17":{"start":{"line":36,"column":4},"end":{"line":38,"column":6}},"18":{"start":{"line":37,"column":6},"end":{"line":37,"column":30}},"19":{"start":{"line":41,"column":29},"end":{"line":48,"column":3}},"20":{"start":{"line":43,"column":27},"end":{"line":43,"column":60}},"21":{"start":{"line":44,"column":6},"end":{"line":44,"column":39}},"22":{"start":{"line":45,"column":6},"end":{"line":45,"column":67}},"23":{"start":{"line":50,"column":24},"end":{"line":61,"column":3}},"24":{"start":{"line":51,"column":4},"end":{"line":60,"column":6}},"25":{"start":{"line":56,"column":10},"end":{"line":56,"column":38}},"26":{"start":{"line":63,"column":18},"end":{"line":65,"column":3}},"27":{"start":{"line":64,"column":4},"end":{"line":64,"column":22}},"28":{"start":{"line":67,"column":30},"end":{"line":67,"column":71}},"29":{"start":{"line":67,"column":44},"end":{"line":67,"column":55}},"30":{"start":{"line":69,"column":2},"end":{"line":90,"column":4}},"31":{"start":{"line":77,"column":32},"end":{"line":77,"column":51}},"32":{"start":{"line":83,"column":30},"end":{"line":83,"column":39}},"33":{"start":{"line":87,"column":32},"end":{"line":87,"column":51}},"34":{"start":{"line":93,"column":15},"end":{"line":108,"column":2}}},"fnMap":{"0":{"name":"(anonymous_0)","decl":{"start":{"line":12,"column":23},"end":{"line":12,"column":24}},"loc":{"start":{"line":12,"column":29},"end":{"line":91,"column":1}},"line":12},"1":{"name":"(anonymous_1)","decl":{"start":{"line":14,"column":27},"end":{"line":14,"column":28}},"loc":{"start":{"line":14,"column":49},"end":{"line":14,"column":75}},"line":14},"2":{"name":"(anonymous_2)","decl":{"start":{"line":21,"column":12},"end":{"line":21,"column":13}},"loc":{"start":{"line":21,"column":18},"end":{"line":23,"column":3}},"line":21},"3":{"name":"(anonymous_3)","decl":{"start":{"line":25,"column":12},"end":{"line":25,"column":13}},"loc":{"start":{"line":25,"column":18},"end":{"line":27,"column":3}},"line":25},"4":{"name":"(anonymous_4)","decl":{"start":{"line":29,"column":12},"end":{"line":29,"column":13}},"loc":{"start":{"line":29,"column":18},"end":{"line":39,"column":3}},"line":29},"5":{"name":"(anonymous_5)","decl":{"start":{"line":30,"column":38},"end":{"line":30,"column":39}},"loc":{"start":{"line":30,"column":44},"end":{"line":34,"column":5}},"line":30},"6":{"name":"(anonymous_6)","decl":{"start":{"line":32,"column":20},"end":{"line":32,"column":21}},"loc":{"start":{"line":32,"column":28},"end":{"line":32,"column":72}},"line":32},"7":{"name":"(anonymous_7)","decl":{"start":{"line":36,"column":11},"end":{"line":36,"column":12}},"loc":{"start":{"line":36,"column":17},"end":{"line":38,"column":5}},"line":36},"8":{"name":"(anonymous_8)","decl":{"start":{"line":42,"column":4},"end":{"line":42,"column":5}},"loc":{"start":{"line":42,"column":26},"end":{"line":46,"column":5}},"line":42},"9":{"name":"(anonymous_9)","decl":{"start":{"line":50,"column":24},"end":{"line":50,"column":25}},"loc":{"start":{"line":50,"column":46},"end":{"line":61,"column":3}},"line":50},"10":{"name":"(anonymous_10)","decl":{"start":{"line":55,"column":17},"end":{"line":55,"column":18}},"loc":{"start":{"line":55,"column":23},"end":{"line":57,"column":9}},"line":55},"11":{"name":"(anonymous_11)","decl":{"start":{"line":63,"column":18},"end":{"line":63,"column":19}},"loc":{"start":{"line":63,"column":24},"end":{"line":65,"column":3}},"line":63},"12":{"name":"(anonymous_12)","decl":{"start":{"line":67,"column":38},"end":{"line":67,"column":39}},"loc":{"start":{"line":67,"column":44},"end":{"line":67,"column":55}},"line":67},"13":{"name":"(anonymous_13)","decl":{"start":{"line":77,"column":24},"end":{"line":77,"column":25}},"loc":{"start":{"line":77,"column":32},"end":{"line":77,"column":51}},"line":77},"14":{"name":"(anonymous_14)","decl":{"start":{"line":83,"column":22},"end":{"line":83,"column":23}},"loc":{"start":{"line":83,"column":30},"end":{"line":83,"column":39}},"line":83},"15":{"name":"(anonymous_15)","decl":{"start":{"line":87,"column":20},"end":{"line":87,"column":21}},"loc":{"start":{"line":87,"column":32},"end":{"line":87,"column":51}},"line":87}},"branchMap":{},"s":{"0":1,"1":12,"2":12,"3":12,"4":12,"5":12,"6":12,"7":12,"8":12,"9":4,"10":12,"11":4,"12":12,"13":5,"14":1,"15":1,"16":5,"17":5,"18":5,"19":12,"20":2,"21":2,"22":2,"23":12,"24":7,"25":2,"26":12,"27":1,"28":12,"29":9,"30":12,"31":2,"32":7,"33":7,"34":1},"f":{"0":12,"1":12,"2":4,"3":4,"4":5,"5":1,"6":1,"7":5,"8":2,"9":7,"10":2,"11":1,"12":9,"13":2,"14":7,"15":7},"b":{},"_coverageSchema":"1a1c01bbd47fc00a2c39e90264f33305004495a9","hash":"dfd995bf6f2918d24cf85870465013152be75be0"}
,"/Users/ashutoshshrestha/Documents/Projects/PokeDex/src/components/screens/pokedex/PokemonItem.tsx": {"path":"/Users/ashutoshshrestha/Documents/Projects/PokeDex/src/components/screens/pokedex/PokemonItem.tsx","statementMap":{"0":{"start":{"line":12,"column":55},"end":{"line":26,"column":1}},"1":{"start":{"line":17,"column":2},"end":{"line":25,"column":4}},"2":{"start":{"line":28,"column":15},"end":{"line":45,"column":2}}},"fnMap":{"0":{"name":"(anonymous_0)","decl":{"start":{"line":12,"column":55},"end":{"line":12,"column":56}},"loc":{"start":{"line":16,"column":6},"end":{"line":26,"column":1}},"line":16}},"branchMap":{"0":{"loc":{"start":{"line":21,"column":32},"end":{"line":21,"column":68}},"type":"binary-expr","locations":[{"start":{"line":21,"column":32},"end":{"line":21,"column":40}},{"start":{"line":21,"column":44},"end":{"line":21,"column":68}}],"line":21}},"s":{"0":2,"1":10,"2":2},"f":{"0":10},"b":{"0":[10,3]},"_coverageSchema":"1a1c01bbd47fc00a2c39e90264f33305004495a9","hash":"ac65b637c947faf10a7e63286406414fdf2ee5bc"}
,"/Users/ashutoshshrestha/Documents/Projects/PokeDex/src/utils/testUtils.tsx": {"path":"/Users/ashutoshshrestha/Documents/Projects/PokeDex/src/utils/testUtils.tsx","statementMap":{"0":{"start":{"line":14,"column":22},"end":{"line":20,"column":1}},"1":{"start":{"line":15,"column":2},"end":{"line":19,"column":4}},"2":{"start":{"line":16,"column":4},"end":{"line":18,"column":15}},"3":{"start":{"line":26,"column":4},"end":{"line":26,"column":31}},"4":{"start":{"line":30,"column":4},"end":{"line":30,"column":25}},"5":{"start":{"line":31,"column":4},"end":{"line":31,"column":16}},"6":{"start":{"line":34,"column":37},"end":{"line":34,"column":39}},"7":{"start":{"line":35,"column":4},"end":{"line":37,"column":5}},"8":{"start":{"line":36,"column":6},"end":{"line":36,"column":69}},"9":{"start":{"line":38,"column":4},"end":{"line":38,"column":45}},"10":{"start":{"line":42,"column":2},"end":{"line":42,"column":42}}},"fnMap":{"0":{"name":"(anonymous_0)","decl":{"start":{"line":14,"column":22},"end":{"line":14,"column":23}},"loc":{"start":{"line":14,"column":40},"end":{"line":20,"column":1}},"line":14},"1":{"name":"(anonymous_1)","decl":{"start":{"line":15,"column":9},"end":{"line":15,"column":10}},"loc":{"start":{"line":16,"column":4},"end":{"line":18,"column":15}},"line":16},"2":{"name":"(anonymous_2)","decl":{"start":{"line":25,"column":2},"end":{"line":25,"column":3}},"loc":{"start":{"line":25,"column":30},"end":{"line":27,"column":3}},"line":25},"3":{"name":"(anonymous_3)","decl":{"start":{"line":29,"column":2},"end":{"line":29,"column":3}},"loc":{"start":{"line":29,"column":26},"end":{"line":32,"column":3}},"line":29},"4":{"name":"(anonymous_4)","decl":{"start":{"line":33,"column":2},"end":{"line":33,"column":3}},"loc":{"start":{"line":33,"column":11},"end":{"line":39,"column":3}},"line":33},"5":{"name":"componentRenderer","decl":{"start":{"line":41,"column":16},"end":{"line":41,"column":33}},"loc":{"start":{"line":41,"column":50},"end":{"line":43,"column":1}},"line":41}},"branchMap":{"0":{"loc":{"start":{"line":35,"column":4},"end":{"line":37,"column":5}},"type":"if","locations":[{"start":{"line":35,"column":4},"end":{"line":37,"column":5}},{"start":{},"end":{}}],"line":35}},"s":{"0":2,"1":4,"2":4,"3":5,"4":4,"5":4,"6":5,"7":5,"8":4,"9":5,"10":5},"f":{"0":4,"1":4,"2":5,"3":4,"4":5,"5":5},"b":{"0":[4,1]},"_coverageSchema":"1a1c01bbd47fc00a2c39e90264f33305004495a9","hash":"1b440e029e283f4cfab6406fee5efac7497be90e"}
}
