TN:
SF:src/components/screens/pokedex/PokeDex.tsx
FN:9,(anonymous_0)
FN:11,(anonymous_1)
FN:17,(anonymous_2)
FN:21,(anonymous_3)
FN:25,(anonymous_4)
FN:26,(anonymous_5)
FN:28,(anonymous_6)
FN:32,(anonymous_7)
FN:37,(anonymous_8)
FN:42,(anonymous_9)
FN:47,(anonymous_10)
FN:55,(anonymous_11)
FN:67,(anonymous_12)
FN:73,(anonymous_13)
FN:77,(anonymous_14)
FNF:15
FNH:15
FNDA:11,(anonymous_0)
FNDA:11,(anonymous_1)
FNDA:4,(anonymous_2)
FNDA:4,(anonymous_3)
FNDA:5,(anonymous_4)
FNDA:1,(anonymous_5)
FNDA:1,(anonymous_6)
FNDA:5,(anonymous_7)
FNDA:1,(anonymous_8)
FNDA:6,(anonymous_9)
FNDA:1,(anonymous_10)
FNDA:1,(anonymous_11)
FNDA:2,(anonymous_12)
FNDA:6,(anonymous_13)
FNDA:6,(anonymous_14)
DA:9,1
DA:10,11
DA:11,11
DA:13,11
DA:14,11
DA:15,11
DA:17,11
DA:18,4
DA:21,11
DA:22,4
DA:25,11
DA:26,5
DA:27,1
DA:28,1
DA:31,5
DA:32,5
DA:33,5
DA:37,11
DA:38,1
DA:39,1
DA:42,11
DA:43,6
DA:48,1
DA:55,11
DA:56,1
DA:59,11
DA:67,2
DA:73,6
DA:77,6
DA:83,1
LF:30
LH:30
BRF:0
BRH:0
end_of_record
TN:
SF:src/components/screens/pokedex/PokemonItem.tsx
FN:12,(anonymous_0)
FNF:1
FNH:1
FNDA:9,(anonymous_0)
DA:12,2
DA:17,9
DA:28,2
LF:3
LH:3
BRDA:21,0,0,9
BRDA:21,0,1,2
BRF:2
BRH:2
end_of_record
TN:
SF:src/utils/testUtils.tsx
FN:12,(anonymous_0)
FN:13,(anonymous_1)
FN:21,(anonymous_2)
FN:25,(anonymous_3)
FN:29,(anonymous_4)
FN:37,componentRenderer
FNF:6
FNH:6
FNDA:4,(anonymous_0)
FNDA:4,(anonymous_1)
FNDA:5,(anonymous_2)
FNDA:4,(anonymous_3)
FNDA:5,(anonymous_4)
FNDA:5,componentRenderer
DA:12,2
DA:13,4
DA:14,4
DA:22,5
DA:26,4
DA:27,4
DA:30,5
DA:31,5
DA:32,4
DA:34,5
DA:38,5
LF:11
LH:11
BRDA:31,0,0,4
BRDA:31,0,1,1
BRF:2
BRH:2
end_of_record
