TN:
SF:src/components/screens/pokedex/PokeDex.tsx
FN:9,(anonymous_0)
FN:11,(anonymous_1)
FN:17,(anonymous_2)
FN:21,(anonymous_3)
FN:25,(anonymous_4)
FN:26,(anonymous_5)
FN:28,(anonymous_6)
FN:32,(anonymous_7)
FN:38,(anonymous_8)
FN:45,(anonymous_9)
FN:50,(anonymous_10)
FN:58,(anonymous_11)
FN:62,(anonymous_12)
FN:72,(anonymous_13)
FN:78,(anonymous_14)
FN:82,(anonymous_15)
FNF:16
FNH:16
FNDA:11,(anonymous_0)
FNDA:11,(anonymous_1)
FNDA:4,(anonymous_2)
FNDA:4,(anonymous_3)
FNDA:5,(anonymous_4)
FNDA:1,(anonymous_5)
FNDA:1,(anonymous_6)
FNDA:5,(anonymous_7)
FNDA:1,(anonymous_8)
FNDA:6,(anonymous_9)
FNDA:1,(anonymous_10)
FNDA:1,(anonymous_11)
FNDA:9,(anonymous_12)
FNDA:2,(anonymous_13)
FNDA:6,(anonymous_14)
FNDA:6,(anonymous_15)
DA:9,1
DA:10,11
DA:11,11
DA:13,11
DA:14,11
DA:15,11
DA:17,11
DA:18,4
DA:21,11
DA:22,4
DA:25,11
DA:26,5
DA:27,1
DA:28,1
DA:31,5
DA:32,5
DA:33,5
DA:37,11
DA:39,1
DA:40,1
DA:45,11
DA:46,6
DA:51,1
DA:58,11
DA:59,1
DA:62,11
DA:64,11
DA:72,2
DA:78,6
DA:82,6
DA:88,1
LF:31
LH:31
BRF:0
BRH:0
end_of_record
TN:
SF:src/components/screens/pokedex/PokemonItem.tsx
FN:12,(anonymous_0)
FNF:1
FNH:1
FNDA:9,(anonymous_0)
DA:12,2
DA:17,9
DA:28,2
LF:3
LH:3
BRDA:21,0,0,9
BRDA:21,0,1,2
BRF:2
BRH:2
end_of_record
TN:
SF:src/utils/testUtils.tsx
FN:13,(anonymous_0)
FN:14,(anonymous_1)
FN:22,(anonymous_2)
FN:26,(anonymous_3)
FN:30,(anonymous_4)
FN:38,componentRenderer
FNF:6
FNH:6
FNDA:4,(anonymous_0)
FNDA:4,(anonymous_1)
FNDA:5,(anonymous_2)
FNDA:4,(anonymous_3)
FNDA:5,(anonymous_4)
FNDA:5,componentRenderer
DA:13,2
DA:14,4
DA:15,4
DA:23,5
DA:27,4
DA:28,4
DA:31,5
DA:32,5
DA:33,4
DA:35,5
DA:39,5
LF:11
LH:11
BRDA:32,0,0,4
BRDA:32,0,1,1
BRF:2
BRH:2
end_of_record
